2025-05-28 15:39:20 - Login Error: Database connection successful2025-05-28 15:39:20 - Login Error: Login attempt for username: admin2025-05-28 15:46:04 - Login Error: Database connection successful2025-05-28 15:46:04 - Login Error: Login attempt for username: admin2025-05-28 15:55:03 - Login Error: Database connection successful2025-05-28 15:55:03 - Login Error: Login attempt for username: admin2025-05-28 15:59:25 - Login Error: Database connection successful2025-05-28 15:59:25 - Login Error: Login attempt for username: admin2025-05-28 16:33:48 - Login Error: Database connection successful2025-05-28 16:33:48 - Login Error: Login attempt for username: admin2025-05-28 16:37:29 - Login Error: Database connection successful2025-05-28 16:37:29 - Login Error: Login attempt for username: admin2025-05-28 16:46:37 - Login Error: Database connection successful2025-05-28 16:46:37 - Login Error: Login attempt for username: admin2025-05-28 16:46:54 - Login Error: Database connection successful2025-05-28 16:46:54 - Login Error: Login attempt for username: admin2025-05-28 16:47:10 - Login Error: Database connection successful2025-05-28 16:47:10 - Login Error: Login attempt for username: admin2025-05-28 16:47:22 - Login Error: Database connection successful2025-05-28 16:47:22 - Login Error: Login attempt for username: admin2025-05-28 16:47:52 - Login Error: Database connection successful2025-05-28 16:47:52 - Login Error: Login attempt for username: admin2025-05-28 16:52:31 - Login Error: Database connection successful2025-05-28 16:52:31 - Login Error: Login attempt for username: admin2025-05-28 17:00:29 - Login Error: Database connection successful2025-05-28 17:00:29 - Login Error: Login attempt for username: admin2025-05-29 21:40:51 - Login Error: Database connection successful2025-05-29 21:40:51 - Login Error: Login attempt for username: admin2025-06-02 11:58:28 - Login Error: Database connection successful2025-06-02 11:58:28 - Login Error: Login attempt for username: admin2025-06-03 16:24:33 - Login Error: Database connection successful2025-06-03 16:24:33 - Login Error: Login attempt for username: admin2025-06-03 16:42:41 - Login Error: Database connection successful2025-06-03 16:42:41 - Login Error: Login attempt for username: admin2025-06-10 13:24:06 - Login Error: Database connection successful2025-06-10 13:24:06 - Login Error: Login attempt for username: admin2025-06-12 19:30:46 - Login Error: Database connection successful2025-06-12 19:30:46 - Login Error: Login attempt for username: admin2025-06-12 19:34:20 - Login Error: Database connection successful2025-06-12 19:34:20 - Login Error: Login attempt for username: admin2025-06-12 19:35:39 - Login Error: Database connection successful2025-06-12 19:35:39 - Login Error: Login attempt for username: admin2025-06-13 11:36:07 - Login Error: Database connection successful2025-06-13 11:36:07 - Login Error: Login attempt for username: admin2025-06-15 19:16:45 - Login Error: Database connection successful2025-06-15 19:16:45 - Login Error: Login attempt for username: admin2025-06-15 19:17:15 - Login Error: Database connection successful2025-06-15 19:17:15 - Login Error: Login attempt for username: admin2025-06-15 21:35:13 - Login Error: Database connection successful2025-06-15 21:35:13 - Login Error: Login attempt for username: admin2025-06-15 21:35:23 - Login Error: Database connection successful2025-06-15 21:35:23 - Login Error: Login attempt for username: admin2025-06-23 18:19:27 - Login Error: Database connection failed: Connection object is null2025-06-23 18:23:34 - Login Error: Database connection failed: Connection object is null2025-06-23 18:23:42 - Login Error: Database connection failed: Connection object is null2025-06-23 18:24:25 - Login Error: Database connection failed: Connection object is null2025-06-23 18:24:29 - Login Error: Database connection failed: Connection object is null2025-06-23 18:24:35 - Login Error: Database connection failed: Connection object is null2025-06-23 18:24:40 - Login Error: Database connection failed: Connection object is null2025-06-23 18:25:07 - Login Error: Database connection failed: Connection object is null2025-06-23 18:25:13 - Login Error: Database connection failed: Connection object is null2025-06-23 18:38:19 - Login Error: Database connection successful2025-06-23 18:38:19 - Login Error: Login attempt for username: admin2025-06-23 18:38:55 - Login Error: Database connection successful2025-06-23 18:38:55 - Login Error: Login attempt for username: admin2025-06-23 18:39:04 - Login Error: Database connection successful2025-06-23 18:39:04 - Login Error: Login attempt for username: admin2025-06-23 19:58:24 - Login Error: Database connection successful2025-06-23 19:58:24 - Login Error: Login attempt for username: admin2025-06-23 19:58:24 - Login Error: Exception: SQLSTATE[23000]: Integrity constraint violation: 1062 Duplicate entry '0' for key 'PRIMARY' in /home/bumadste/uab.bumadventiste.org/Bikorwa/src/utils/Auth.php on line 1612025-06-23 19:59:51 - Login Error: Database connection successful2025-06-23 19:59:51 - Login Error: Login attempt for username: admin2025-06-24 14:57:27 - Login Error: Database connection successful2025-06-24 14:57:27 - Login Error: Login attempt for username: admin2025-06-24 18:32:16 - Login Error: Database connection successful2025-06-24 18:32:16 - Login Error: Login attempt for username: admin2025-06-24 21:43:08 - Login Error: Database connection successful2025-06-24 21:43:08 - Login Error: Login attempt for username: admin2025-06-25 16:01:50 - Login Error: Database connection successful2025-06-25 16:01:50 - Login Error: Login attempt for username: admin2025-06-25 19:06:13 - Login Error: Database connection successful2025-06-25 19:06:13 - Login Error: Login attempt for username: Esterique2025-06-25 19:06:23 - Login Error: Database connection successful2025-06-25 19:06:23 - Login Error: Login attempt for username: esterique2025-06-25 19:07:21 - Login Error: Database connection successful2025-06-25 19:07:21 - Login Error: Login attempt for username: Itangishaka2025-06-25 19:07:42 - Login Error: Database connection successful2025-06-25 19:07:42 - Login Error: Login attempt for username: admin2025-06-25 19:08:25 - Login Error: Database connection successful2025-06-25 19:08:25 - Login Error: Login attempt for username: Itangishaka2025-06-25 19:08:58 - Login Error: Database connection successful2025-06-25 19:08:58 - Login Error: Login attempt for username: Itangishaka2025-06-25 19:21:06 - Login Error: Database connection successful2025-06-25 19:21:06 - Login Error: Login attempt for username: Itangishaka2025-06-25 19:21:44 - Login Error: Database connection successful2025-06-25 19:21:44 - Login Error: Login attempt for username: Itangishaka2025-06-25 19:22:21 - Login Error: Database connection successful2025-06-25 19:22:21 - Login Error: Login attempt for username: Itangishaka2025-06-25 19:28:10 - Login Error: Database connection successful2025-06-25 19:28:10 - Login Error: Login attempt for username: Itangishaka2025-06-25 19:37:32 - Login Error: Database connection successful2025-06-25 19:37:32 - Login Error: Login attempt for username: admin2025-06-25 19:59:25 - Login Error: Database connection successful2025-06-25 19:59:25 - Login Error: Login attempt for username: Itangishaka2025-06-26 12:35:35 - Login Error: Database connection successful2025-06-26 12:35:35 - Login Error: Login attempt for username: admin2025-06-26 13:34:24 - Login Error: Database connection successful2025-06-26 13:34:24 - Login Error: Login attempt for username: Itangishaka2025-06-26 13:41:46 - Login Error: Database connection successful2025-06-26 13:41:46 - Login Error: Login attempt for username: Itangishaka2025-06-26 13:56:26 - Login Error: Database connection successful2025-06-26 13:56:26 - Login Error: Login attempt for username: admin2025-06-26 14:18:22 - Login Error: Database connection successful2025-06-26 14:18:22 - Login Error: Login attempt for username: Itangishaka2025-06-26 14:20:12 - Login Error: Database connection successful2025-06-26 14:20:12 - Login Error: Login attempt for username: admin2025-06-26 15:00:27 - Login Error: Database connection successful2025-06-26 15:00:27 - Login Error: Login attempt for username: Itangishaka2025-06-26 15:01:41 - Login Error: Database connection successful2025-06-26 15:01:41 - Login Error: Login attempt for username: admin2025-06-26 16:21:41 - Login Error: Database connection successful2025-06-26 16:21:41 - Login Error: Login attempt for username: Itangishaka2025-06-26 17:18:58 - Login Error: Exception: SQLSTATE[42S02]: Base table or view not found: 1146 Table 'bumadste_bikorwa_shop.sessions' doesn't exist in /home/bumadste/uab.bumadventiste.org/Bikorwa/src/utils/DbSessionHandler.php on line 212025-06-26 17:19:19 - Login Error: Exception: SQLSTATE[42S02]: Base table or view not found: 1146 Table 'bumadste_bikorwa_shop.sessions' doesn't exist in /home/bumadste/uab.bumadventiste.org/Bikorwa/src/utils/DbSessionHandler.php on line 212025-06-26 17:19:21 - Login Error: Exception: SQLSTATE[42S02]: Base table or view not found: 1146 Table 'bumadste_bikorwa_shop.sessions' doesn't exist in /home/bumadste/uab.bumadventiste.org/Bikorwa/src/utils/DbSessionHandler.php on line 212025-06-26 17:25:26 - Login Error: Exception: SQLSTATE[42S02]: Base table or view not found: 1146 Table 'bumadste_bikorwa_shop.sessions' doesn't exist in /home/bumadste/uab.bumadventiste.org/Bikorwa/src/utils/DbSessionHandler.php on line 21
2025-06-26 18:07:05 - Login Error: Exception: SQLSTATE[42S02]: Base table or view not found: 1146 Table 'bumadste_bikorwa_shop.sessions' doesn't exist in /home/bumadste/uab.bumadventiste.org/Bikorwa/src/utils/DbSessionHandler.php on line 21
2025-06-27 09:46:44 - Login Error: Exception: SQLSTATE[42S02]: Base table or view not found: 1146 Table 'bumadste_bikorwa_shop.sessions' doesn't exist in /home/bumadste/uab.bumadventiste.org/Bikorwa/src/utils/DbSessionHandler.php on line 21
2025-06-27 10:29:04 - Login Error: Exception: SQLSTATE[42S02]: Base table or view not found: 1146 Table 'bumadste_bikorwa_shop.sessions' doesn't exist in /home/bumadste/uab.bumadventiste.org/Bikorwa/src/utils/DbSessionHandler.php on line 21
2025-06-27 10:45:38 - Login Error: Exception: SQLSTATE[42S02]: Base table or view not found: 1146 Table 'bumadste_bikorwa_shop.sessions' doesn't exist in /home/bumadste/uab.bumadventiste.org/Bikorwa/src/utils/DbSessionHandler.php on line 21
2025-06-27 11:38:18 - Login Error: Exception: SQLSTATE[42S02]: Base table or view not found: 1146 Table 'bumadste_bikorwa_shop.sessions' doesn't exist in /home/bumadste/uab.bumadventiste.org/Bikorwa/src/utils/DbSessionHandler.php on line 21
2025-06-27 11:43:03 - Login Error: Exception: SQLSTATE[42S02]: Base table or view not found: 1146 Table 'bumadste_bikorwa_shop.sessions' doesn't exist in /home/bumadste/uab.bumadventiste.org/Bikorwa/src/utils/DbSessionHandler.php on line 21
2025-06-27 11:43:51 - Login Error: Exception: SQLSTATE[42S02]: Base table or view not found: 1146 Table 'bumadste_bikorwa_shop.sessions' doesn't exist in /home/bumadste/uab.bumadventiste.org/Bikorwa/src/utils/DbSessionHandler.php on line 21
2025-06-27 11:50:58 - Login Error: Exception: SQLSTATE[42S02]: Base table or view not found: 1146 Table 'bumadste_bikorwa_shop.sessions' doesn't exist in /home/bumadste/uab.bumadventiste.org/Bikorwa/src/utils/DbSessionHandler.php on line 21
2025-06-27 11:51:01 - Login Error: Exception: SQLSTATE[42S02]: Base table or view not found: 1146 Table 'bumadste_bikorwa_shop.sessions' doesn't exist in /home/bumadste/uab.bumadventiste.org/Bikorwa/src/utils/DbSessionHandler.php on line 21
2025-06-27 11:51:14 - Login Error: Exception: SQLSTATE[42S02]: Base table or view not found: 1146 Table 'bumadste_bikorwa_shop.sessions' doesn't exist in /home/bumadste/uab.bumadventiste.org/Bikorwa/src/utils/DbSessionHandler.php on line 21
2025-06-27 12:26:47 - Login Error: Exception: SQLSTATE[42S02]: Base table or view not found: 1146 Table 'bumadste_bikorwa_shop.sessions' doesn't exist in /home/bumadste/uab.bumadventiste.org/Bikorwa/src/utils/DbSessionHandler.php on line 21
2025-06-27 12:26:54 - Login Error: Exception: SQLSTATE[42S02]: Base table or view not found: 1146 Table 'bumadste_bikorwa_shop.sessions' doesn't exist in /home/bumadste/uab.bumadventiste.org/Bikorwa/src/utils/DbSessionHandler.php on line 21
2025-06-27 12:34:18 - Login Error: Exception: SQLSTATE[42S02]: Base table or view not found: 1146 Table 'bumadste_bikorwa_shop.sessions' doesn't exist in /home/bumadste/uab.bumadventiste.org/Bikorwa/src/utils/DbSessionHandler.php on line 21
2025-06-27 12:34:20 - Login Error: Exception: SQLSTATE[42S02]: Base table or view not found: 1146 Table 'bumadste_bikorwa_shop.sessions' doesn't exist in /home/bumadste/uab.bumadventiste.org/Bikorwa/src/utils/DbSessionHandler.php on line 21
2025-06-27 12:34:22 - Login Error: Exception: SQLSTATE[42S02]: Base table or view not found: 1146 Table 'bumadste_bikorwa_shop.sessions' doesn't exist in /home/bumadste/uab.bumadventiste.org/Bikorwa/src/utils/DbSessionHandler.php on line 21
2025-06-27 12:34:23 - Login Error: Exception: SQLSTATE[42S02]: Base table or view not found: 1146 Table 'bumadste_bikorwa_shop.sessions' doesn't exist in /home/bumadste/uab.bumadventiste.org/Bikorwa/src/utils/DbSessionHandler.php on line 21
2025-06-27 12:34:24 - Login Error: Exception: SQLSTATE[42S02]: Base table or view not found: 1146 Table 'bumadste_bikorwa_shop.sessions' doesn't exist in /home/bumadste/uab.bumadventiste.org/Bikorwa/src/utils/DbSessionHandler.php on line 21
2025-06-27 12:35:00 - Login Error: Exception: SQLSTATE[42S02]: Base table or view not found: 1146 Table 'bumadste_bikorwa_shop.sessions' doesn't exist in /home/bumadste/uab.bumadventiste.org/Bikorwa/src/utils/DbSessionHandler.php on line 21
2025-06-27 12:35:19 - Login Error: Exception: SQLSTATE[42S02]: Base table or view not found: 1146 Table 'bumadste_bikorwa_shop.sessions' doesn't exist in /home/bumadste/uab.bumadventiste.org/Bikorwa/src/utils/DbSessionHandler.php on line 21
2025-06-27 13:03:59 - Login Error: Exception: SQLSTATE[42S02]: Base table or view not found: 1146 Table 'bumadste_bikorwa_shop.sessions' doesn't exist in /home/bumadste/uab.bumadventiste.org/Bikorwa/src/utils/DbSessionHandler.php on line 21
2025-06-27 13:09:03 - Login Error: Base directory: /home/bumadste/uab.bumadventiste.org/Bikorwa
2025-06-27 15:09:03 - Login Error: Successfully included: /home/bumadste/uab.bumadventiste.org/Bikorwa/src/config/config.php
2025-06-27 15:09:03 - Login Error: Successfully included: /home/bumadste/uab.bumadventiste.org/Bikorwa/src/config/database.php
2025-06-27 15:09:03 - Login Error: Successfully included: /home/bumadste/uab.bumadventiste.org/Bikorwa/src/utils/Auth.php
2025-06-27 15:09:03 - Login Error: Successfully included: /home/bumadste/uab.bumadventiste.org/Bikorwa/src/models/User.php
2025-06-27 15:09:03 - Login Error: Successfully included: /home/bumadste/uab.bumadventiste.org/Bikorwa/src/controllers/AuthController.php
2025-06-27 15:09:03 - Login Error: Successfully included optional file: /home/bumadste/uab.bumadventiste.org/Bikorwa/includes/functions.php
2025-06-27 15:09:03 - Login Error: Successfully included optional file: /home/bumadste/uab.bumadventiste.org/Bikorwa/includes/session.php
2025-06-27 15:09:03 - Login Error: Database connection successful
2025-06-27 15:09:03 - Login Error: Database session initialized: 908155d20e6ecafffda0683a2eb48710
2025-06-27 15:09:03 - Login Error: Login attempt for username: gggg
2025-06-27 15:09:03 - Login Error: Login result: {"success":false,"message":"Utilisateur non trouv\u00e9."}
2025-06-27 13:09:40 - Login Error: Base directory: /home/bumadste/uab.bumadventiste.org/Bikorwa
2025-06-27 15:09:40 - Login Error: Successfully included: /home/bumadste/uab.bumadventiste.org/Bikorwa/src/config/config.php
2025-06-27 15:09:40 - Login Error: Successfully included: /home/bumadste/uab.bumadventiste.org/Bikorwa/src/config/database.php
2025-06-27 15:09:40 - Login Error: Successfully included: /home/bumadste/uab.bumadventiste.org/Bikorwa/src/utils/Auth.php
2025-06-27 15:09:40 - Login Error: Successfully included: /home/bumadste/uab.bumadventiste.org/Bikorwa/src/models/User.php
2025-06-27 15:09:40 - Login Error: Successfully included: /home/bumadste/uab.bumadventiste.org/Bikorwa/src/controllers/AuthController.php
2025-06-27 15:09:40 - Login Error: Successfully included optional file: /home/bumadste/uab.bumadventiste.org/Bikorwa/includes/functions.php
2025-06-27 15:09:40 - Login Error: Successfully included optional file: /home/bumadste/uab.bumadventiste.org/Bikorwa/includes/session.php
2025-06-27 15:09:40 - Login Error: Database connection successful
2025-06-27 15:09:40 - Login Error: Database session initialized: 908155d20e6ecafffda0683a2eb48710
2025-06-27 15:09:40 - Login Error: Login attempt for username: admin
2025-06-27 15:09:40 - Login Error: Login result: {"success":false,"message":"Mot de passe incorrect."}
2025-06-27 13:09:51 - Login Error: Base directory: /home/bumadste/uab.bumadventiste.org/Bikorwa
2025-06-27 15:09:51 - Login Error: Successfully included: /home/bumadste/uab.bumadventiste.org/Bikorwa/src/config/config.php
2025-06-27 15:09:51 - Login Error: Successfully included: /home/bumadste/uab.bumadventiste.org/Bikorwa/src/config/database.php
2025-06-27 15:09:51 - Login Error: Successfully included: /home/bumadste/uab.bumadventiste.org/Bikorwa/src/utils/Auth.php
2025-06-27 15:09:51 - Login Error: Successfully included: /home/bumadste/uab.bumadventiste.org/Bikorwa/src/models/User.php
2025-06-27 15:09:51 - Login Error: Successfully included: /home/bumadste/uab.bumadventiste.org/Bikorwa/src/controllers/AuthController.php
2025-06-27 15:09:51 - Login Error: Successfully included optional file: /home/bumadste/uab.bumadventiste.org/Bikorwa/includes/functions.php
2025-06-27 15:09:51 - Login Error: Successfully included optional file: /home/bumadste/uab.bumadventiste.org/Bikorwa/includes/session.php
2025-06-27 15:09:51 - Login Error: Database connection successful
2025-06-27 15:09:51 - Login Error: Database session initialized: 908155d20e6ecafffda0683a2eb48710
2025-06-27 15:09:51 - Login Error: Login attempt for username: admin
2025-06-27 15:09:51 - Login Error: Login result: {"success":true,"user":{"id":"1","nom":"Administrateur","role":"gestionnaire"}}
2025-06-27 15:09:51 - Login Error: Session after login: Array
(
    [user_id] => 1
    [user_name] => Administrateur
    [user_role] => gestionnaire
    [logged_in] => 1
    [flash_message] => Connexion réussie. Bienvenue!
    [flash_type] => success
)

2025-06-27 13:26:31 - Login Error: Base directory: /home/bumadste/uab.bumadventiste.org/Bikorwa
2025-06-27 15:26:31 - Login Error: Successfully included: /home/bumadste/uab.bumadventiste.org/Bikorwa/src/config/config.php
2025-06-27 15:26:31 - Login Error: Successfully included: /home/bumadste/uab.bumadventiste.org/Bikorwa/src/config/database.php
2025-06-27 15:26:31 - Login Error: Successfully included: /home/bumadste/uab.bumadventiste.org/Bikorwa/src/utils/Auth.php
2025-06-27 15:26:31 - Login Error: Successfully included: /home/bumadste/uab.bumadventiste.org/Bikorwa/src/models/User.php
2025-06-27 15:26:31 - Login Error: Successfully included: /home/bumadste/uab.bumadventiste.org/Bikorwa/src/controllers/AuthController.php
2025-06-27 15:26:31 - Login Error: Successfully included optional file: /home/bumadste/uab.bumadventiste.org/Bikorwa/includes/functions.php
2025-06-27 15:26:31 - Login Error: Successfully included optional file: /home/bumadste/uab.bumadventiste.org/Bikorwa/includes/session.php
2025-06-27 15:26:31 - Login Error: Database connection successful
2025-06-27 15:26:31 - Login Error: Database session initialized: fe572ddf2936c69363f39029d0ef2b5d
2025-06-27 15:26:31 - Login Error: Login attempt for username: admin
2025-06-27 15:26:31 - Login Error: Login result: {"success":true,"user":{"id":"1","nom":"Administrateur","role":"gestionnaire"}}
2025-06-27 15:26:31 - Login Error: Session after login: Array
(
    [user_id] => 1
    [user_name] => Administrateur
    [user_role] => gestionnaire
    [logged_in] => 1
    [flash_message] => Connexion réussie. Bienvenue!
    [flash_type] => success
)

2025-06-27 13:27:48 - Login Error: Base directory: /home/bumadste/uab.bumadventiste.org/Bikorwa
2025-06-27 15:27:48 - Login Error: Successfully included: /home/bumadste/uab.bumadventiste.org/Bikorwa/src/config/config.php
2025-06-27 15:27:48 - Login Error: Successfully included: /home/bumadste/uab.bumadventiste.org/Bikorwa/src/config/database.php
2025-06-27 15:27:48 - Login Error: Successfully included: /home/bumadste/uab.bumadventiste.org/Bikorwa/src/utils/Auth.php
2025-06-27 15:27:48 - Login Error: Successfully included: /home/bumadste/uab.bumadventiste.org/Bikorwa/src/models/User.php
2025-06-27 15:27:48 - Login Error: Successfully included: /home/bumadste/uab.bumadventiste.org/Bikorwa/src/controllers/AuthController.php
2025-06-27 15:27:48 - Login Error: Successfully included optional file: /home/bumadste/uab.bumadventiste.org/Bikorwa/includes/functions.php
2025-06-27 15:27:48 - Login Error: Successfully included optional file: /home/bumadste/uab.bumadventiste.org/Bikorwa/includes/session.php
2025-06-27 15:27:48 - Login Error: Database connection successful
2025-06-27 15:27:48 - Login Error: Database session initialized: 212b25044f0f6ca983df8c46a20e525a
2025-06-27 15:27:48 - Login Error: Login attempt for username: admin
2025-06-27 15:27:48 - Login Error: Login result: {"success":true,"user":{"id":"1","nom":"Administrateur","role":"gestionnaire"}}
2025-06-27 15:27:48 - Login Error: Session after login: Array
(
    [user_id] => 1
    [user_name] => Administrateur
    [user_role] => gestionnaire
    [logged_in] => 1
    [flash_message] => Connexion réussie. Bienvenue!
    [flash_type] => success
)

2025-06-29 09:47:13 - Login Error: Base directory: /home/bumadste/uab.bumadventiste.org/Bikorwa
2025-06-29 11:47:13 - Login Error: Successfully included: /home/bumadste/uab.bumadventiste.org/Bikorwa/src/config/config.php
2025-06-29 11:47:13 - Login Error: Successfully included: /home/bumadste/uab.bumadventiste.org/Bikorwa/src/config/database.php
2025-06-29 11:47:13 - Login Error: Successfully included: /home/bumadste/uab.bumadventiste.org/Bikorwa/src/utils/Auth.php
2025-06-29 11:47:13 - Login Error: Successfully included: /home/bumadste/uab.bumadventiste.org/Bikorwa/src/models/User.php
2025-06-29 11:47:13 - Login Error: Successfully included: /home/bumadste/uab.bumadventiste.org/Bikorwa/src/controllers/AuthController.php
2025-06-29 11:47:13 - Login Error: Successfully included optional file: /home/bumadste/uab.bumadventiste.org/Bikorwa/includes/functions.php
2025-06-29 11:47:13 - Login Error: Successfully included optional file: /home/bumadste/uab.bumadventiste.org/Bikorwa/includes/session.php
2025-06-29 11:47:13 - Login Error: Database connection successful
2025-06-29 11:47:13 - Login Error: Database session initialized: 83dbf54c293694f8a46c18a58ff211fa
2025-06-29 11:47:13 - Login Error: Login attempt for username: admin
2025-06-29 11:47:13 - Login Error: Login result: {"success":true,"user":{"id":"1","nom":"Administrateur","role":"gestionnaire"}}
2025-06-29 11:47:13 - Login Error: Session after login: Array
(
    [user_id] => 1
    [user_name] => Administrateur
    [user_role] => gestionnaire
    [logged_in] => 1
    [flash_message] => Connexion réussie. Bienvenue!
    [flash_type] => success
)

2025-06-29 09:47:46 - Login Error: Base directory: /home/bumadste/uab.bumadventiste.org/Bikorwa
2025-06-29 11:47:46 - Login Error: Successfully included: /home/bumadste/uab.bumadventiste.org/Bikorwa/src/config/config.php
2025-06-29 11:47:46 - Login Error: Successfully included: /home/bumadste/uab.bumadventiste.org/Bikorwa/src/config/database.php
2025-06-29 11:47:46 - Login Error: Successfully included: /home/bumadste/uab.bumadventiste.org/Bikorwa/src/utils/Auth.php
2025-06-29 11:47:46 - Login Error: Successfully included: /home/bumadste/uab.bumadventiste.org/Bikorwa/src/models/User.php
2025-06-29 11:47:46 - Login Error: Successfully included: /home/bumadste/uab.bumadventiste.org/Bikorwa/src/controllers/AuthController.php
2025-06-29 11:47:46 - Login Error: Successfully included optional file: /home/bumadste/uab.bumadventiste.org/Bikorwa/includes/functions.php
2025-06-29 11:47:46 - Login Error: Successfully included optional file: /home/bumadste/uab.bumadventiste.org/Bikorwa/includes/session.php
2025-06-29 11:47:46 - Login Error: Database connection successful
2025-06-29 11:47:46 - Login Error: Database session initialized: 51e29ff4e28324ae3c7a671b98649b76
2025-06-29 11:47:46 - Login Error: Login attempt for username: admin
2025-06-29 11:47:46 - Login Error: Login result: {"success":true,"user":{"id":"1","nom":"Administrateur","role":"gestionnaire"}}
2025-06-29 11:47:46 - Login Error: Session after login: Array
(
    [user_id] => 1
    [user_name] => Administrateur
    [user_role] => gestionnaire
    [logged_in] => 1
    [flash_message] => Connexion réussie. Bienvenue!
    [flash_type] => success
)

2025-06-29 09:48:07 - Login Error: Base directory: /home/bumadste/uab.bumadventiste.org/Bikorwa
2025-06-29 11:48:07 - Login Error: Successfully included: /home/bumadste/uab.bumadventiste.org/Bikorwa/src/config/config.php
2025-06-29 11:48:07 - Login Error: Successfully included: /home/bumadste/uab.bumadventiste.org/Bikorwa/src/config/database.php
2025-06-29 11:48:07 - Login Error: Successfully included: /home/bumadste/uab.bumadventiste.org/Bikorwa/src/utils/Auth.php
2025-06-29 11:48:07 - Login Error: Successfully included: /home/bumadste/uab.bumadventiste.org/Bikorwa/src/models/User.php
2025-06-29 11:48:07 - Login Error: Successfully included: /home/bumadste/uab.bumadventiste.org/Bikorwa/src/controllers/AuthController.php
2025-06-29 11:48:07 - Login Error: Successfully included optional file: /home/bumadste/uab.bumadventiste.org/Bikorwa/includes/functions.php
2025-06-29 11:48:07 - Login Error: Successfully included optional file: /home/bumadste/uab.bumadventiste.org/Bikorwa/includes/session.php
2025-06-29 11:48:07 - Login Error: Database connection successful
2025-06-29 11:48:07 - Login Error: Database session initialized: 458c0738a2f5ce5e6c88b5a64555a91c
2025-06-29 11:48:07 - Login Error: Login attempt for username: admin
2025-06-29 11:48:07 - Login Error: Login result: {"success":true,"user":{"id":"1","nom":"Administrateur","role":"gestionnaire"}}
2025-06-29 11:48:07 - Login Error: Session after login: Array
(
    [user_id] => 1
    [user_name] => Administrateur
    [user_role] => gestionnaire
    [logged_in] => 1
    [flash_message] => Connexion réussie. Bienvenue!
    [flash_type] => success
)

2025-06-29 10:00:26 - Login Error: Base directory: /home/bumadste/uab.bumadventiste.org/Bikorwa
2025-06-29 12:00:26 - Login Error: Successfully included: /home/bumadste/uab.bumadventiste.org/Bikorwa/src/config/config.php
2025-06-29 12:00:26 - Login Error: Successfully included: /home/bumadste/uab.bumadventiste.org/Bikorwa/src/config/database.php
2025-06-29 12:00:26 - Login Error: Successfully included: /home/bumadste/uab.bumadventiste.org/Bikorwa/src/utils/Auth.php
2025-06-29 12:00:26 - Login Error: Successfully included: /home/bumadste/uab.bumadventiste.org/Bikorwa/src/models/User.php
2025-06-29 12:00:26 - Login Error: Successfully included: /home/bumadste/uab.bumadventiste.org/Bikorwa/src/controllers/AuthController.php
2025-06-29 12:00:26 - Login Error: Successfully included optional file: /home/bumadste/uab.bumadventiste.org/Bikorwa/includes/functions.php
2025-06-29 12:00:26 - Login Error: Successfully included optional file: /home/bumadste/uab.bumadventiste.org/Bikorwa/includes/session.php
2025-06-29 12:00:26 - Login Error: Database connection successful
2025-06-29 12:00:26 - Login Error: Database session initialized: ae5b160dfa64b7ae0228f9af0d9d7df0
2025-06-29 12:00:26 - Login Error: Login attempt for username: admin
2025-06-29 12:00:26 - Login Error: Login result: {"success":true,"user":{"id":"1","nom":"Administrateur","role":"gestionnaire"}}
2025-06-29 12:00:26 - Login Error: Session after login: Array
(
    [user_id] => 1
    [user_name] => Administrateur
    [user_role] => gestionnaire
    [logged_in] => 1
    [flash_message] => Connexion réussie. Bienvenue!
    [flash_type] => success
)

2025-06-29 10:00:49 - Login Error: Base directory: /home/bumadste/uab.bumadventiste.org/Bikorwa
2025-06-29 12:00:49 - Login Error: Successfully included: /home/bumadste/uab.bumadventiste.org/Bikorwa/src/config/config.php
2025-06-29 12:00:49 - Login Error: Successfully included: /home/bumadste/uab.bumadventiste.org/Bikorwa/src/config/database.php
2025-06-29 12:00:49 - Login Error: Successfully included: /home/bumadste/uab.bumadventiste.org/Bikorwa/src/utils/Auth.php
2025-06-29 12:00:49 - Login Error: Successfully included: /home/bumadste/uab.bumadventiste.org/Bikorwa/src/models/User.php
2025-06-29 12:00:49 - Login Error: Successfully included: /home/bumadste/uab.bumadventiste.org/Bikorwa/src/controllers/AuthController.php
2025-06-29 12:00:49 - Login Error: Successfully included optional file: /home/bumadste/uab.bumadventiste.org/Bikorwa/includes/functions.php
2025-06-29 12:00:49 - Login Error: Successfully included optional file: /home/bumadste/uab.bumadventiste.org/Bikorwa/includes/session.php
2025-06-29 12:00:49 - Login Error: Database connection successful
2025-06-29 12:00:49 - Login Error: Database session initialized: 5590b13ae8d9badf34151d86d44d9fc2
2025-06-29 12:00:49 - Login Error: Login attempt for username: admin
2025-06-29 12:00:49 - Login Error: Login result: {"success":true,"user":{"id":"1","nom":"Administrateur","role":"gestionnaire"}}
2025-06-29 12:00:49 - Login Error: Session after login: Array
(
    [user_id] => 1
    [user_name] => Administrateur
    [user_role] => gestionnaire
    [logged_in] => 1
    [flash_message] => Connexion réussie. Bienvenue!
    [flash_type] => success
)

2025-06-29 10:09:46 - Login Error: Base directory: /home/bumadste/uab.bumadventiste.org/Bikorwa
2025-06-29 12:09:46 - Login Error: Successfully included: /home/bumadste/uab.bumadventiste.org/Bikorwa/src/config/config.php
2025-06-29 12:09:46 - Login Error: Successfully included: /home/bumadste/uab.bumadventiste.org/Bikorwa/src/config/database.php
2025-06-29 12:09:46 - Login Error: Successfully included: /home/bumadste/uab.bumadventiste.org/Bikorwa/src/utils/Auth.php
2025-06-29 12:09:46 - Login Error: Successfully included: /home/bumadste/uab.bumadventiste.org/Bikorwa/src/models/User.php
2025-06-29 12:09:46 - Login Error: Successfully included: /home/bumadste/uab.bumadventiste.org/Bikorwa/src/controllers/AuthController.php
2025-06-29 12:09:46 - Login Error: Successfully included optional file: /home/bumadste/uab.bumadventiste.org/Bikorwa/includes/functions.php
2025-06-29 12:09:46 - Login Error: Successfully included optional file: /home/bumadste/uab.bumadventiste.org/Bikorwa/includes/session.php
2025-06-29 12:09:46 - Login Error: Database connection successful
2025-06-29 12:09:46 - Login Error: Database session initialized: f97dedbb9af44fcb52a3e1c15b26641c
2025-06-29 12:09:46 - Login Error: Login attempt for username: admin
2025-06-29 12:09:46 - Login Error: Login result: {"success":true,"user":{"id":"1","nom":"Administrateur","role":"gestionnaire"}}
2025-06-29 12:09:46 - Login Error: Session after login: Array
(
    [user_id] => 1
    [user_name] => Administrateur
    [user_role] => gestionnaire
    [logged_in] => 1
    [flash_message] => Connexion réussie. Bienvenue!
    [flash_type] => success
)

2025-06-29 10:35:27 - Login Error: Base directory: /home/bumadste/uab.bumadventiste.org/Bikorwa
2025-06-29 12:35:27 - Login Error: Successfully included: /home/bumadste/uab.bumadventiste.org/Bikorwa/src/config/config.php
2025-06-29 12:35:27 - Login Error: Successfully included: /home/bumadste/uab.bumadventiste.org/Bikorwa/src/config/database.php
2025-06-29 12:35:27 - Login Error: Successfully included: /home/bumadste/uab.bumadventiste.org/Bikorwa/src/utils/Auth.php
2025-06-29 12:35:27 - Login Error: Successfully included: /home/bumadste/uab.bumadventiste.org/Bikorwa/src/models/User.php
2025-06-29 12:35:27 - Login Error: Successfully included: /home/bumadste/uab.bumadventiste.org/Bikorwa/src/controllers/AuthController.php
2025-06-29 12:35:27 - Login Error: Successfully included optional file: /home/bumadste/uab.bumadventiste.org/Bikorwa/includes/functions.php
2025-06-29 12:35:27 - Login Error: Successfully included optional file: /home/bumadste/uab.bumadventiste.org/Bikorwa/includes/session.php
2025-06-29 12:35:27 - Login Error: Database connection successful
2025-06-29 12:35:27 - Login Error: Database session initialized: 9f7dc1d95ddef438d4ecc134942b0889
2025-06-29 12:35:27 - Login Error: Login attempt for username: admin
2025-06-29 12:35:27 - Login Error: Login result: {"success":true,"user":{"id":"1","nom":"Administrateur","role":"gestionnaire"}}
2025-06-29 12:35:27 - Login Error: Session after login: Array
(
    [user_id] => 1
    [user_name] => Administrateur
    [user_role] => gestionnaire
    [logged_in] => 1
    [flash_message] => Connexion réussie. Bienvenue!
    [flash_type] => success
)

2025-06-29 10:40:12 - Login Error: Base directory: /home/bumadste/uab.bumadventiste.org/Bikorwa
2025-06-29 12:40:12 - Login Error: Successfully included: /home/bumadste/uab.bumadventiste.org/Bikorwa/src/config/config.php
2025-06-29 12:40:12 - Login Error: Successfully included: /home/bumadste/uab.bumadventiste.org/Bikorwa/src/config/database.php
2025-06-29 12:40:12 - Login Error: Successfully included: /home/bumadste/uab.bumadventiste.org/Bikorwa/src/utils/Auth.php
2025-06-29 12:40:12 - Login Error: Successfully included: /home/bumadste/uab.bumadventiste.org/Bikorwa/src/models/User.php
2025-06-29 12:40:12 - Login Error: Successfully included: /home/bumadste/uab.bumadventiste.org/Bikorwa/src/controllers/AuthController.php
2025-06-29 12:40:12 - Login Error: Successfully included optional file: /home/bumadste/uab.bumadventiste.org/Bikorwa/includes/functions.php
2025-06-29 12:40:12 - Login Error: Successfully included optional file: /home/bumadste/uab.bumadventiste.org/Bikorwa/includes/session.php
2025-06-29 12:40:12 - Login Error: Database connection successful
2025-06-29 12:40:12 - Login Error: Database session initialized: 94813664398923a9bbca68e4a46998a2
2025-06-29 12:40:12 - Login Error: Login attempt for username: admin
2025-06-29 12:40:12 - Login Error: Login result: {"success":true,"user":{"id":"1","nom":"Administrateur","role":"gestionnaire"}}
2025-06-29 12:40:12 - Login Error: Session after login: Array
(
    [user_id] => 1
    [user_name] => Administrateur
    [user_role] => gestionnaire
    [logged_in] => 1
    [flash_message] => Connexion réussie. Bienvenue!
    [flash_type] => success
)

2025-06-29 10:40:38 - Login Error: Base directory: /home/bumadste/uab.bumadventiste.org/Bikorwa
2025-06-29 12:40:38 - Login Error: Successfully included: /home/bumadste/uab.bumadventiste.org/Bikorwa/src/config/config.php
2025-06-29 12:40:38 - Login Error: Successfully included: /home/bumadste/uab.bumadventiste.org/Bikorwa/src/config/database.php
2025-06-29 12:40:38 - Login Error: Successfully included: /home/bumadste/uab.bumadventiste.org/Bikorwa/src/utils/Auth.php
2025-06-29 12:40:38 - Login Error: Successfully included: /home/bumadste/uab.bumadventiste.org/Bikorwa/src/models/User.php
2025-06-29 12:40:38 - Login Error: Successfully included: /home/bumadste/uab.bumadventiste.org/Bikorwa/src/controllers/AuthController.php
2025-06-29 12:40:38 - Login Error: Successfully included optional file: /home/bumadste/uab.bumadventiste.org/Bikorwa/includes/functions.php
2025-06-29 12:40:38 - Login Error: Successfully included optional file: /home/bumadste/uab.bumadventiste.org/Bikorwa/includes/session.php
2025-06-29 12:40:38 - Login Error: Database connection successful
2025-06-29 12:40:38 - Login Error: Database session initialized: d6e530808ae55908db0d539dd06d9585
2025-06-29 12:40:38 - Login Error: Login attempt for username: admin
2025-06-29 12:40:38 - Login Error: Login result: {"success":false,"message":"Mot de passe incorrect."}
2025-06-29 10:40:52 - Login Error: Base directory: /home/bumadste/uab.bumadventiste.org/Bikorwa
2025-06-29 12:40:52 - Login Error: Successfully included: /home/bumadste/uab.bumadventiste.org/Bikorwa/src/config/config.php
2025-06-29 12:40:52 - Login Error: Successfully included: /home/bumadste/uab.bumadventiste.org/Bikorwa/src/config/database.php
2025-06-29 12:40:52 - Login Error: Successfully included: /home/bumadste/uab.bumadventiste.org/Bikorwa/src/utils/Auth.php
2025-06-29 12:40:52 - Login Error: Successfully included: /home/bumadste/uab.bumadventiste.org/Bikorwa/src/models/User.php
2025-06-29 12:40:52 - Login Error: Successfully included: /home/bumadste/uab.bumadventiste.org/Bikorwa/src/controllers/AuthController.php
2025-06-29 12:40:52 - Login Error: Successfully included optional file: /home/bumadste/uab.bumadventiste.org/Bikorwa/includes/functions.php
2025-06-29 12:40:52 - Login Error: Successfully included optional file: /home/bumadste/uab.bumadventiste.org/Bikorwa/includes/session.php
2025-06-29 12:40:52 - Login Error: Database connection successful
2025-06-29 12:40:52 - Login Error: Database session initialized: d6e530808ae55908db0d539dd06d9585
2025-06-29 12:40:52 - Login Error: Login attempt for username: admin
2025-06-29 12:40:52 - Login Error: Login result: {"success":true,"user":{"id":"1","nom":"Administrateur","role":"gestionnaire"}}
2025-06-29 12:40:52 - Login Error: Session after login: Array
(
    [user_id] => 1
    [user_name] => Administrateur
    [user_role] => gestionnaire
    [logged_in] => 1
    [flash_message] => Connexion réussie. Bienvenue!
    [flash_type] => success
)

2025-06-29 10:44:54 - Login Error: Base directory: /home/bumadste/uab.bumadventiste.org/Bikorwa
2025-06-29 12:44:54 - Login Error: Successfully included: /home/bumadste/uab.bumadventiste.org/Bikorwa/src/config/config.php
2025-06-29 12:44:54 - Login Error: Successfully included: /home/bumadste/uab.bumadventiste.org/Bikorwa/src/config/database.php
2025-06-29 12:44:54 - Login Error: Successfully included: /home/bumadste/uab.bumadventiste.org/Bikorwa/src/utils/Auth.php
2025-06-29 12:44:54 - Login Error: Successfully included: /home/bumadste/uab.bumadventiste.org/Bikorwa/src/models/User.php
2025-06-29 12:44:54 - Login Error: Successfully included: /home/bumadste/uab.bumadventiste.org/Bikorwa/src/controllers/AuthController.php
2025-06-29 12:44:54 - Login Error: Successfully included optional file: /home/bumadste/uab.bumadventiste.org/Bikorwa/includes/functions.php
2025-06-29 12:44:54 - Login Error: Successfully included optional file: /home/bumadste/uab.bumadventiste.org/Bikorwa/includes/session.php
2025-06-29 12:44:54 - Login Error: Database connection successful
2025-06-29 12:44:54 - Login Error: Database session initialized: 3cffaa8b68ead00d9f9945c391b93152
2025-06-29 12:44:54 - Login Error: Login attempt for username: admin
2025-06-29 12:44:54 - Login Error: Login result: {"success":true,"user":{"id":"1","nom":"Administrateur","role":"gestionnaire"}}
2025-06-29 12:44:54 - Login Error: Session after login: Array
(
    [user_id] => 1
    [user_name] => Administrateur
    [user_role] => gestionnaire
    [logged_in] => 1
    [flash_message] => Connexion réussie. Bienvenue!
    [flash_type] => success
)

2025-06-29 10:45:21 - Login Error: Base directory: /home/bumadste/uab.bumadventiste.org/Bikorwa
2025-06-29 12:45:21 - Login Error: Successfully included: /home/bumadste/uab.bumadventiste.org/Bikorwa/src/config/config.php
2025-06-29 12:45:21 - Login Error: Successfully included: /home/bumadste/uab.bumadventiste.org/Bikorwa/src/config/database.php
2025-06-29 12:45:21 - Login Error: Successfully included: /home/bumadste/uab.bumadventiste.org/Bikorwa/src/utils/Auth.php
2025-06-29 12:45:21 - Login Error: Successfully included: /home/bumadste/uab.bumadventiste.org/Bikorwa/src/models/User.php
2025-06-29 12:45:21 - Login Error: Successfully included: /home/bumadste/uab.bumadventiste.org/Bikorwa/src/controllers/AuthController.php
2025-06-29 12:45:21 - Login Error: Successfully included optional file: /home/bumadste/uab.bumadventiste.org/Bikorwa/includes/functions.php
2025-06-29 12:45:21 - Login Error: Successfully included optional file: /home/bumadste/uab.bumadventiste.org/Bikorwa/includes/session.php
2025-06-29 12:45:21 - Login Error: Database connection successful
2025-06-29 12:45:21 - Login Error: Database session initialized: f734c55dcc65e3115eed99dfb41dc962
2025-06-29 12:45:21 - Login Error: Login attempt for username: admin
2025-06-29 12:45:21 - Login Error: Login result: {"success":true,"user":{"id":"1","nom":"Administrateur","role":"gestionnaire"}}
2025-06-29 12:45:21 - Login Error: Session after login: Array
(
    [user_id] => 1
    [user_name] => Administrateur
    [user_role] => gestionnaire
    [logged_in] => 1
    [flash_message] => Connexion réussie. Bienvenue!
    [flash_type] => success
)

2025-06-29 10:45:44 - Login Error: Base directory: /home/bumadste/uab.bumadventiste.org/Bikorwa
2025-06-29 12:45:44 - Login Error: Successfully included: /home/bumadste/uab.bumadventiste.org/Bikorwa/src/config/config.php
2025-06-29 12:45:44 - Login Error: Successfully included: /home/bumadste/uab.bumadventiste.org/Bikorwa/src/config/database.php
2025-06-29 12:45:44 - Login Error: Successfully included: /home/bumadste/uab.bumadventiste.org/Bikorwa/src/utils/Auth.php
2025-06-29 12:45:44 - Login Error: Successfully included: /home/bumadste/uab.bumadventiste.org/Bikorwa/src/models/User.php
2025-06-29 12:45:44 - Login Error: Successfully included: /home/bumadste/uab.bumadventiste.org/Bikorwa/src/controllers/AuthController.php
2025-06-29 12:45:44 - Login Error: Successfully included optional file: /home/bumadste/uab.bumadventiste.org/Bikorwa/includes/functions.php
2025-06-29 12:45:44 - Login Error: Successfully included optional file: /home/bumadste/uab.bumadventiste.org/Bikorwa/includes/session.php
2025-06-29 12:45:44 - Login Error: Database connection successful
2025-06-29 12:45:44 - Login Error: Database session initialized: f3350070325494810f7c25ab6eadceca
2025-06-29 12:45:44 - Login Error: Login attempt for username: Itangishaka
2025-06-29 12:45:44 - Login Error: Login result: {"success":true,"user":{"id":"4","nom":"John Esterique","role":"receptionniste"}}
2025-06-29 12:45:44 - Login Error: Session after login: Array
(
    [user_id] => 4
    [user_name] => John Esterique
    [user_role] => receptionniste
    [logged_in] => 1
    [flash_message] => Connexion réussie. Bienvenue!
    [flash_type] => success
)

2025-06-29 10:51:05 - Login Error: Base directory: /home/bumadste/uab.bumadventiste.org/Bikorwa
2025-06-29 12:51:05 - Login Error: Successfully included: /home/bumadste/uab.bumadventiste.org/Bikorwa/src/config/config.php
2025-06-29 12:51:05 - Login Error: Successfully included: /home/bumadste/uab.bumadventiste.org/Bikorwa/src/config/database.php
2025-06-29 12:51:05 - Login Error: Successfully included: /home/bumadste/uab.bumadventiste.org/Bikorwa/src/utils/Auth.php
2025-06-29 12:51:05 - Login Error: Successfully included: /home/bumadste/uab.bumadventiste.org/Bikorwa/src/models/User.php
2025-06-29 12:51:05 - Login Error: Successfully included: /home/bumadste/uab.bumadventiste.org/Bikorwa/src/controllers/AuthController.php
2025-06-29 12:51:05 - Login Error: Successfully included optional file: /home/bumadste/uab.bumadventiste.org/Bikorwa/includes/functions.php
2025-06-29 12:51:05 - Login Error: Successfully included optional file: /home/bumadste/uab.bumadventiste.org/Bikorwa/includes/session.php
2025-06-29 12:51:05 - Login Error: Database connection successful
2025-06-29 12:51:05 - Login Error: Database session initialized: fa13b392f3cdd89a8d4e035478d90fd1
2025-06-29 12:51:05 - Login Error: Login attempt for username: admin
2025-06-29 12:51:05 - Login Error: Login result: {"success":true,"user":{"id":"1","nom":"Administrateur","role":"gestionnaire"}}
2025-06-29 12:51:05 - Login Error: Session after login: Array
(
    [user_id] => 1
    [user_name] => Administrateur
    [user_role] => gestionnaire
    [logged_in] => 1
    [flash_message] => Connexion réussie. Bienvenue!
    [flash_type] => success
)

2025-06-29 10:51:24 - Login Error: Base directory: /home/bumadste/uab.bumadventiste.org/Bikorwa
2025-06-29 12:51:24 - Login Error: Successfully included: /home/bumadste/uab.bumadventiste.org/Bikorwa/src/config/config.php
2025-06-29 12:51:24 - Login Error: Successfully included: /home/bumadste/uab.bumadventiste.org/Bikorwa/src/config/database.php
2025-06-29 12:51:24 - Login Error: Successfully included: /home/bumadste/uab.bumadventiste.org/Bikorwa/src/utils/Auth.php
2025-06-29 12:51:24 - Login Error: Successfully included: /home/bumadste/uab.bumadventiste.org/Bikorwa/src/models/User.php
2025-06-29 12:51:24 - Login Error: Successfully included: /home/bumadste/uab.bumadventiste.org/Bikorwa/src/controllers/AuthController.php
2025-06-29 12:51:24 - Login Error: Successfully included optional file: /home/bumadste/uab.bumadventiste.org/Bikorwa/includes/functions.php
2025-06-29 12:51:24 - Login Error: Successfully included optional file: /home/bumadste/uab.bumadventiste.org/Bikorwa/includes/session.php
2025-06-29 12:51:24 - Login Error: Database connection successful
2025-06-29 12:51:24 - Login Error: Database session initialized: e64dc8a9f8929c7b763d492801bd02f0
2025-06-29 12:51:24 - Login Error: Login attempt for username: admin
2025-06-29 12:51:24 - Login Error: Login result: {"success":true,"user":{"id":"1","nom":"Administrateur","role":"gestionnaire"}}
2025-06-29 12:51:24 - Login Error: Session after login: Array
(
    [user_id] => 1
    [user_name] => Administrateur
    [user_role] => gestionnaire
    [logged_in] => 1
    [flash_message] => Connexion réussie. Bienvenue!
    [flash_type] => success
)

2025-06-29 10:54:14 - Login Error: Base directory: /home/bumadste/uab.bumadventiste.org/Bikorwa
2025-06-29 12:54:14 - Login Error: Successfully included: /home/bumadste/uab.bumadventiste.org/Bikorwa/src/config/config.php
2025-06-29 12:54:14 - Login Error: Successfully included: /home/bumadste/uab.bumadventiste.org/Bikorwa/src/config/database.php
2025-06-29 12:54:14 - Login Error: Successfully included: /home/bumadste/uab.bumadventiste.org/Bikorwa/src/utils/Auth.php
2025-06-29 12:54:14 - Login Error: Successfully included: /home/bumadste/uab.bumadventiste.org/Bikorwa/src/models/User.php
2025-06-29 12:54:14 - Login Error: Successfully included: /home/bumadste/uab.bumadventiste.org/Bikorwa/src/controllers/AuthController.php
2025-06-29 12:54:14 - Login Error: Successfully included optional file: /home/bumadste/uab.bumadventiste.org/Bikorwa/includes/functions.php
2025-06-29 12:54:14 - Login Error: Successfully included optional file: /home/bumadste/uab.bumadventiste.org/Bikorwa/includes/session.php
2025-06-29 12:54:14 - Login Error: Database connection successful
2025-06-29 12:54:14 - Login Error: Database session initialized: a9b4e90638a57ad30f19bea6b588f13b
2025-06-29 12:54:14 - Login Error: Login attempt for username: admin
2025-06-29 12:54:14 - Login Error: Login result: {"success":true,"user":{"id":"1","nom":"Administrateur","role":"gestionnaire"}}
2025-06-29 12:54:14 - Login Error: Session after login: Array
(
    [user_id] => 1
    [user_name] => Administrateur
    [user_role] => gestionnaire
    [logged_in] => 1
    [flash_message] => Connexion réussie. Bienvenue!
    [flash_type] => success
)

2025-06-29 13:09:50 - Login Error: Successfully included: /home/bumadste/uab.bumadventiste.org/Bikorwa/src/config/config.php
2025-06-29 13:09:50 - Login Error: Successfully included: /home/bumadste/uab.bumadventiste.org/Bikorwa/src/config/database.php
2025-06-29 13:09:50 - Login Error: Successfully included: /home/bumadste/uab.bumadventiste.org/Bikorwa/src/utils/Auth.php
2025-06-29 13:09:50 - Login Error: Successfully included: /home/bumadste/uab.bumadventiste.org/Bikorwa/src/models/User.php
2025-06-29 13:09:50 - Login Error: Successfully included: /home/bumadste/uab.bumadventiste.org/Bikorwa/src/controllers/AuthController.php
2025-06-29 13:09:50 - Login Error: Successfully included optional file: /home/bumadste/uab.bumadventiste.org/Bikorwa/includes/functions.php
2025-06-29 13:09:50 - Login Error: Successfully included optional file: /home/bumadste/uab.bumadventiste.org/Bikorwa/includes/session.php
2025-06-29 13:09:50 - Login Error: Database connection successful
2025-06-29 13:09:50 - Login Error: Database session initialized: c6ee4d8020e8ba5c945665baa23bf92a
2025-06-29 13:09:50 - Login Error: Login attempt for username: admin
2025-06-29 13:10:01 - Login Error: Successfully included: /home/bumadste/uab.bumadventiste.org/Bikorwa/src/config/config.php
2025-06-29 13:10:01 - Login Error: Successfully included: /home/bumadste/uab.bumadventiste.org/Bikorwa/src/config/database.php
2025-06-29 13:10:01 - Login Error: Successfully included: /home/bumadste/uab.bumadventiste.org/Bikorwa/src/utils/Auth.php
2025-06-29 13:10:01 - Login Error: Successfully included: /home/bumadste/uab.bumadventiste.org/Bikorwa/src/models/User.php
2025-06-29 13:10:01 - Login Error: Successfully included: /home/bumadste/uab.bumadventiste.org/Bikorwa/src/controllers/AuthController.php
2025-06-29 13:10:01 - Login Error: Successfully included optional file: /home/bumadste/uab.bumadventiste.org/Bikorwa/includes/functions.php
2025-06-29 13:10:01 - Login Error: Successfully included optional file: /home/bumadste/uab.bumadventiste.org/Bikorwa/includes/session.php
2025-06-29 13:10:01 - Login Error: Database connection successful
2025-06-29 13:10:01 - Login Error: Database session initialized: c6ee4d8020e8ba5c945665baa23bf92a
2025-06-29 13:10:01 - Login Error: Login attempt for username: admin
2025-06-29 13:10:18 - Login Error: Successfully included: /home/bumadste/uab.bumadventiste.org/Bikorwa/src/config/config.php
2025-06-29 13:10:18 - Login Error: Successfully included: /home/bumadste/uab.bumadventiste.org/Bikorwa/src/config/database.php
2025-06-29 13:10:18 - Login Error: Successfully included: /home/bumadste/uab.bumadventiste.org/Bikorwa/src/utils/Auth.php
2025-06-29 13:10:18 - Login Error: Successfully included: /home/bumadste/uab.bumadventiste.org/Bikorwa/src/models/User.php
2025-06-29 13:10:18 - Login Error: Successfully included: /home/bumadste/uab.bumadventiste.org/Bikorwa/src/controllers/AuthController.php
2025-06-29 13:10:18 - Login Error: Successfully included optional file: /home/bumadste/uab.bumadventiste.org/Bikorwa/includes/functions.php
2025-06-29 13:10:18 - Login Error: Successfully included optional file: /home/bumadste/uab.bumadventiste.org/Bikorwa/includes/session.php
2025-06-29 13:10:18 - Login Error: Database connection successful
2025-06-29 13:10:18 - Login Error: Database session initialized: c6ee4d8020e8ba5c945665baa23bf92a
2025-06-29 13:10:18 - Login Error: Login attempt for username: adad
2025-06-29 13:10:31 - Login Error: Successfully included: /home/bumadste/uab.bumadventiste.org/Bikorwa/src/config/config.php
2025-06-29 13:10:31 - Login Error: Successfully included: /home/bumadste/uab.bumadventiste.org/Bikorwa/src/config/database.php
2025-06-29 13:10:31 - Login Error: Successfully included: /home/bumadste/uab.bumadventiste.org/Bikorwa/src/utils/Auth.php
2025-06-29 13:10:31 - Login Error: Successfully included: /home/bumadste/uab.bumadventiste.org/Bikorwa/src/models/User.php
2025-06-29 13:10:31 - Login Error: Successfully included: /home/bumadste/uab.bumadventiste.org/Bikorwa/src/controllers/AuthController.php
2025-06-29 13:10:31 - Login Error: Successfully included optional file: /home/bumadste/uab.bumadventiste.org/Bikorwa/includes/functions.php
2025-06-29 13:10:31 - Login Error: Successfully included optional file: /home/bumadste/uab.bumadventiste.org/Bikorwa/includes/session.php
2025-06-29 13:10:31 - Login Error: Database connection successful
2025-06-29 13:10:31 - Login Error: Database session initialized: c6ee4d8020e8ba5c945665baa23bf92a
2025-06-29 13:10:31 - Login Error: Login attempt for username: admin
2025-06-29 13:19:02 - Login Error: Successfully included: /home/bumadste/uab.bumadventiste.org/Bikorwa/src/config/config.php
2025-06-29 13:19:02 - Login Error: Successfully included: /home/bumadste/uab.bumadventiste.org/Bikorwa/src/config/database.php
2025-06-29 13:19:02 - Login Error: Successfully included: /home/bumadste/uab.bumadventiste.org/Bikorwa/src/utils/Auth.php
2025-06-29 13:19:02 - Login Error: Successfully included: /home/bumadste/uab.bumadventiste.org/Bikorwa/src/models/User.php
2025-06-29 13:19:02 - Login Error: Successfully included: /home/bumadste/uab.bumadventiste.org/Bikorwa/src/controllers/AuthController.php
2025-06-29 13:19:02 - Login Error: Successfully included optional file: /home/bumadste/uab.bumadventiste.org/Bikorwa/includes/functions.php
2025-06-29 13:19:02 - Login Error: Successfully included optional file: /home/bumadste/uab.bumadventiste.org/Bikorwa/includes/session.php
2025-06-29 13:19:02 - Login Error: Database connection successful
2025-06-29 13:19:02 - Login Error: Database session initialized: c6ee4d8020e8ba5c945665baa23bf92a
2025-06-29 13:19:02 - Login Error: Login attempt for username: admin
2025-06-29 13:27:23 - Login Error: Successfully included: /home/bumadste/uab.bumadventiste.org/Bikorwa/src/config/config.php
2025-06-29 13:27:23 - Login Error: Successfully included: /home/bumadste/uab.bumadventiste.org/Bikorwa/src/config/database.php
2025-06-29 13:27:23 - Login Error: Successfully included: /home/bumadste/uab.bumadventiste.org/Bikorwa/src/utils/Auth.php
2025-06-29 13:27:23 - Login Error: Successfully included: /home/bumadste/uab.bumadventiste.org/Bikorwa/src/models/User.php
2025-06-29 13:27:23 - Login Error: Successfully included: /home/bumadste/uab.bumadventiste.org/Bikorwa/src/controllers/AuthController.php
2025-06-29 13:27:23 - Login Error: Successfully included optional file: /home/bumadste/uab.bumadventiste.org/Bikorwa/includes/functions.php
2025-06-29 13:27:23 - Login Error: Successfully included optional file: /home/bumadste/uab.bumadventiste.org/Bikorwa/includes/session.php
2025-06-29 13:27:23 - Login Error: Database connection successful
2025-06-29 13:27:23 - Login Error: Database session initialized: 4de43e28338ee78c851013f9f5ac2b98
2025-06-29 13:27:23 - Login Error: Login attempt for username: admin
2025-06-29 13:27:43 - Login Error: Successfully included: /home/bumadste/uab.bumadventiste.org/Bikorwa/src/config/config.php
2025-06-29 13:27:43 - Login Error: Successfully included: /home/bumadste/uab.bumadventiste.org/Bikorwa/src/config/database.php
2025-06-29 13:27:43 - Login Error: Successfully included: /home/bumadste/uab.bumadventiste.org/Bikorwa/src/utils/Auth.php
2025-06-29 13:27:43 - Login Error: Successfully included: /home/bumadste/uab.bumadventiste.org/Bikorwa/src/models/User.php
2025-06-29 13:27:43 - Login Error: Successfully included: /home/bumadste/uab.bumadventiste.org/Bikorwa/src/controllers/AuthController.php
2025-06-29 13:27:43 - Login Error: Successfully included optional file: /home/bumadste/uab.bumadventiste.org/Bikorwa/includes/functions.php
2025-06-29 13:27:43 - Login Error: Successfully included optional file: /home/bumadste/uab.bumadventiste.org/Bikorwa/includes/session.php
2025-06-29 13:27:43 - Login Error: Database connection successful
2025-06-29 13:27:43 - Login Error: Database session initialized: 94ccc538a60607531d6e6d658896ce4d
2025-06-29 13:27:43 - Login Error: Login attempt for username: admin
2025-06-29 13:31:16 - Login Error: Successfully included: /home/bumadste/uab.bumadventiste.org/Bikorwa/src/config/config.php
2025-06-29 13:31:16 - Login Error: Successfully included: /home/bumadste/uab.bumadventiste.org/Bikorwa/src/config/database.php
2025-06-29 13:31:16 - Login Error: Successfully included: /home/bumadste/uab.bumadventiste.org/Bikorwa/src/utils/Auth.php
2025-06-29 13:31:16 - Login Error: Successfully included: /home/bumadste/uab.bumadventiste.org/Bikorwa/src/models/User.php
2025-06-29 13:31:16 - Login Error: Successfully included: /home/bumadste/uab.bumadventiste.org/Bikorwa/src/controllers/AuthController.php
2025-06-29 13:31:16 - Login Error: Successfully included optional file: /home/bumadste/uab.bumadventiste.org/Bikorwa/includes/functions.php
2025-06-29 13:31:16 - Login Error: Successfully included optional file: /home/bumadste/uab.bumadventiste.org/Bikorwa/includes/session.php
2025-06-29 13:31:16 - Login Error: Database connection successful
2025-06-29 13:31:16 - Login Error: Database session initialized: 865d545f5522dc7c8346550a4c2d4b6f
2025-06-29 13:31:16 - Login Error: Login attempt for username: admin
2025-06-29 13:35:39 - Login Error: Successfully included: /home/bumadste/uab.bumadventiste.org/Bikorwa/src/config/config.php
2025-06-29 13:35:39 - Login Error: Successfully included: /home/bumadste/uab.bumadventiste.org/Bikorwa/src/config/database.php
2025-06-29 13:35:39 - Login Error: Successfully included: /home/bumadste/uab.bumadventiste.org/Bikorwa/src/utils/Auth.php
2025-06-29 13:35:39 - Login Error: Successfully included: /home/bumadste/uab.bumadventiste.org/Bikorwa/src/models/User.php
2025-06-29 13:35:39 - Login Error: Successfully included: /home/bumadste/uab.bumadventiste.org/Bikorwa/src/controllers/AuthController.php
2025-06-29 13:35:39 - Login Error: Successfully included optional file: /home/bumadste/uab.bumadventiste.org/Bikorwa/includes/functions.php
2025-06-29 13:35:39 - Login Error: Successfully included optional file: /home/bumadste/uab.bumadventiste.org/Bikorwa/includes/session.php
2025-06-29 13:35:39 - Login Error: Database connection successful
2025-06-29 13:35:39 - Login Error: Database session initialized: 096807c6c0d6518058ff74c4db9d7941
2025-06-29 13:35:39 - Login Error: Login attempt for username: admin
2025-06-29 12:10:52 - Login Error: Login process error: Session handler function not found
2025-06-29 13:19:29 - Login Error: Login process error: Session handler function not found
2025-06-29 13:37:09 - Login Error: Login process error: Session handler function not found
